<?xml version="1.0" encoding="UTF-8"?>
<testng-results ignored="0" total="2" passed="2" failed="0" skipped="0">
  <reporter-output>
  </reporter-output>
  <suite started-at="2023-12-20T20:43:23Z" name="Suite" finished-at="2023-12-20T20:43:30Z" duration-ms="7437">
    <groups>
    </groups>
    <test started-at="2023-12-20T20:43:23Z" name="Test" finished-at="2023-12-20T20:43:30Z" duration-ms="7437">
      <class name="testSuites.HomePageTest">
        <test-method is-config="true" signature="setUp()[pri:0, instance:testSuites.HomePageTest@5f9678e1]" started-at="2023-12-20T20:43:23Z" name="setUp" finished-at="2023-12-20T20:43:27Z" duration-ms="3548" status="PASS">
          <reporter-output>
          </reporter-output>
        </test-method> <!-- setUp -->
        <test-method signature="addingItemToCart()[pri:0, instance:testSuites.HomePageTest@5f9678e1]" started-at="2023-12-20T20:43:27Z" name="addingItemToCart" finished-at="2023-12-20T20:43:27Z" duration-ms="712" status="PASS">
          <reporter-output>
          </reporter-output>
        </test-method> <!-- addingItemToCart -->
        <test-method is-config="true" signature="tearDown()[pri:0, instance:testSuites.HomePageTest@5f9678e1]" started-at="2023-12-20T20:43:27Z" name="tearDown" finished-at="2023-12-20T20:43:28Z" duration-ms="178" status="PASS">
          <reporter-output>
          </reporter-output>
        </test-method> <!-- tearDown -->
        <test-method is-config="true" signature="setUp()[pri:0, instance:testSuites.HomePageTest@5f9678e1]" started-at="2023-12-20T20:43:28Z" name="setUp" finished-at="2023-12-20T20:43:30Z" duration-ms="2767" status="PASS">
          <reporter-output>
          </reporter-output>
        </test-method> <!-- setUp -->
        <test-method signature="itemsListDisplayed()[pri:0, instance:testSuites.HomePageTest@5f9678e1]" started-at="2023-12-20T20:43:30Z" name="itemsListDisplayed" finished-at="2023-12-20T20:43:30Z" duration-ms="36" status="PASS">
          <reporter-output>
          </reporter-output>
        </test-method> <!-- itemsListDisplayed -->
        <test-method is-config="true" signature="tearDown()[pri:0, instance:testSuites.HomePageTest@5f9678e1]" started-at="2023-12-20T20:43:30Z" name="tearDown" finished-at="2023-12-20T20:43:30Z" duration-ms="173" status="PASS">
          <reporter-output>
          </reporter-output>
        </test-method> <!-- tearDown -->
      </class> <!-- testSuites.HomePageTest -->
    </test> <!-- Test -->
  </suite> <!-- Suite -->
</testng-results>
